This file contains any messages produced by compilers while
running configure, to aid debugging if configure makes a mistake.

It was created by OpenJPEG configure 1.4.0, which was
generated by GNU Autoconf 2.67.  Invocation command line was

  $ /home/carl/src/OpenDCP/contrib/09_OpenJPEG-prefix/src/09_OpenJPEG/configure --prefix=/home/carl/src/OpenDCP/contrib CFLAGS=-m32 --disable-dependency-tracking --enable-static=yes --enable-shared=no --enable-png=no --enable-tiff=no --target=i686 target_alias=i686 --no-create --no-recursion

## --------- ##
## Platform. ##
## --------- ##

hostname = houllier
uname -m = i686
uname -r = 2.6.32-5-686
uname -s = Linux
uname -v = #1 SMP Mon Jan 16 16:04:25 UTC 2012

/usr/bin/uname -p = unknown
/bin/uname -X     = unknown

/bin/arch              = unknown
/usr/bin/arch -k       = unknown
/usr/convex/getsysinfo = unknown
/usr/bin/hostinfo      = unknown
/bin/machine           = unknown
/usr/bin/oslevel       = unknown
/bin/universe          = unknown

PATH: /home/carl/bin
PATH: /home/carl/bin
PATH: /usr/local/bin
PATH: /usr/bin
PATH: /bin
PATH: /usr/local/games
PATH: /usr/games


## ----------- ##
## Core tests. ##
## ----------- ##

configure:2547: checking build system type
configure:2561: result: i686-pc-linux-gnu
configure:2581: checking host system type
configure:2594: result: i686-pc-linux-gnu
configure:2614: checking target system type
configure:2627: result: i686-pc-none
configure:2671: checking for a BSD-compatible install
configure:2739: result: /usr/bin/install -c
configure:2750: checking whether build environment is sane
configure:2800: result: yes
configure:2941: checking for a thread-safe mkdir -p
configure:2980: result: /bin/mkdir -p
configure:2993: checking for gawk
configure:3009: found /usr/bin/gawk
configure:3020: result: gawk
configure:3031: checking whether make sets $(MAKE)
configure:3053: result: yes
configure:3197: checking for gcc
configure:3213: found /usr/bin/gcc
configure:3224: result: gcc
configure:3453: checking for C compiler version
configure:3462: gcc --version >&5
gcc (Debian 4.4.5-8) 4.4.5
Copyright (C) 2010 Free Software Foundation, Inc.
This is free software; see the source for copying conditions.  There is NO
warranty; not even for MERCHANTABILITY or FITNESS FOR A PARTICULAR PURPOSE.

configure:3473: $? = 0
configure:3462: gcc -v >&5
Using built-in specs.
Target: i486-linux-gnu
Configured with: ../src/configure -v --with-pkgversion='Debian 4.4.5-8' --with-bugurl=file:///usr/share/doc/gcc-4.4/README.Bugs --enable-languages=c,c++,fortran,objc,obj-c++ --prefix=/usr --program-suffix=-4.4 --enable-shared --enable-multiarch --enable-linker-build-id --with-system-zlib --libexecdir=/usr/lib --without-included-gettext --enable-threads=posix --with-gxx-include-dir=/usr/include/c++/4.4 --libdir=/usr/lib --enable-nls --enable-clocale=gnu --enable-libstdcxx-debug --enable-objc-gc --enable-targets=all --with-arch-32=i586 --with-tune=generic --enable-checking=release --build=i486-linux-gnu --host=i486-linux-gnu --target=i486-linux-gnu
Thread model: posix
gcc version 4.4.5 (Debian 4.4.5-8) 
configure:3473: $? = 0
configure:3462: gcc -V >&5
gcc: '-V' option must have argument
configure:3473: $? = 1
configure:3462: gcc -qversion >&5
gcc: unrecognized option '-qversion'
gcc: no input files
configure:3473: $? = 1
configure:3493: checking whether the C compiler works
configure:3515: gcc -m32   conftest.c  >&5
configure:3519: $? = 0
configure:3567: result: yes
configure:3570: checking for C compiler default output file name
configure:3572: result: a.out
configure:3578: checking for suffix of executables
configure:3585: gcc -o conftest -m32   conftest.c  >&5
configure:3589: $? = 0
configure:3611: result: 
configure:3633: checking whether we are cross compiling
configure:3641: gcc -o conftest -m32   conftest.c  >&5
configure:3645: $? = 0
configure:3652: ./conftest
configure:3656: $? = 0
configure:3671: result: no
configure:3676: checking for suffix of object files
configure:3698: gcc -c -m32  conftest.c >&5
configure:3702: $? = 0
configure:3723: result: o
configure:3727: checking whether we are using the GNU C compiler
configure:3746: gcc -c -m32  conftest.c >&5
configure:3746: $? = 0
configure:3755: result: yes
configure:3764: checking whether gcc accepts -g
configure:3784: gcc -c -g  conftest.c >&5
configure:3784: $? = 0
configure:3825: result: yes
configure:3842: checking for gcc option to accept ISO C89
configure:3906: gcc  -c -m32  conftest.c >&5
configure:3906: $? = 0
configure:3919: result: none needed
configure:3950: checking for style of include used by make
configure:3978: result: GNU
configure:4003: checking dependency style of gcc
configure:4113: result: none
configure:4186: checking for g++
configure:4202: found /usr/bin/g++
configure:4213: result: g++
configure:4240: checking for C++ compiler version
configure:4249: g++ --version >&5
g++ (Debian 4.4.5-8) 4.4.5
Copyright (C) 2010 Free Software Foundation, Inc.
This is free software; see the source for copying conditions.  There is NO
warranty; not even for MERCHANTABILITY or FITNESS FOR A PARTICULAR PURPOSE.

configure:4260: $? = 0
configure:4249: g++ -v >&5
Using built-in specs.
Target: i486-linux-gnu
Configured with: ../src/configure -v --with-pkgversion='Debian 4.4.5-8' --with-bugurl=file:///usr/share/doc/gcc-4.4/README.Bugs --enable-languages=c,c++,fortran,objc,obj-c++ --prefix=/usr --program-suffix=-4.4 --enable-shared --enable-multiarch --enable-linker-build-id --with-system-zlib --libexecdir=/usr/lib --without-included-gettext --enable-threads=posix --with-gxx-include-dir=/usr/include/c++/4.4 --libdir=/usr/lib --enable-nls --enable-clocale=gnu --enable-libstdcxx-debug --enable-objc-gc --enable-targets=all --with-arch-32=i586 --with-tune=generic --enable-checking=release --build=i486-linux-gnu --host=i486-linux-gnu --target=i486-linux-gnu
Thread model: posix
gcc version 4.4.5 (Debian 4.4.5-8) 
configure:4260: $? = 0
configure:4249: g++ -V >&5
g++: '-V' option must have argument
configure:4260: $? = 1
configure:4249: g++ -qversion >&5
g++: unrecognized option '-qversion'
g++: no input files
configure:4260: $? = 1
configure:4264: checking whether we are using the GNU C++ compiler
configure:4283: g++ -c   conftest.cpp >&5
configure:4283: $? = 0
configure:4292: result: yes
configure:4301: checking whether g++ accepts -g
configure:4321: g++ -c -g  conftest.cpp >&5
configure:4321: $? = 0
configure:4362: result: yes
configure:4387: checking dependency style of g++
configure:4497: result: none
configure:4513: checking whether ln -s works
configure:4517: result: yes
configure:4524: checking for a sed that does not truncate output
configure:4588: result: /bin/sed
configure:4601: checking for special C compiler options needed for large files
configure:4646: result: no
configure:4652: checking for _FILE_OFFSET_BITS value needed for large files
configure:4677: gcc -c -m32  conftest.c >&5
conftest.c:17: warning: left shift count >= width of type
conftest.c:17: warning: left shift count >= width of type
conftest.c:19: error: size of array 'off_t_is_large' is negative
configure:4677: $? = 1
configure: failed program was:
| /* confdefs.h */
| #define PACKAGE_NAME "OpenJPEG"
| #define PACKAGE_TARNAME "openjpeg-1.4.0"
| #define PACKAGE_VERSION "1.4.0"
| #define PACKAGE_STRING "OpenJPEG 1.4.0"
| #define PACKAGE_BUGREPORT "http://code.google.com/p/openjpeg/"
| #define PACKAGE_URL "http://www.openjpeg.org/"
| #define PACKAGE "openjpeg-1.4.0"
| #define VERSION "1.4.0"
| /* end confdefs.h.  */
| #include <sys/types.h>
|  /* Check that off_t can represent 2**63 - 1 correctly.
|     We can't simply define LARGE_OFF_T to be 9223372036854775807,
|     since some C++ compilers masquerading as C compilers
|     incorrectly reject 9223372036854775807.  */
| #define LARGE_OFF_T (((off_t) 1 << 62) - 1 + ((off_t) 1 << 62))
|   int off_t_is_large[(LARGE_OFF_T % 2147483629 == 721
| 		       && LARGE_OFF_T % 2147483647 == 1)
| 		      ? 1 : -1];
| int
| main ()
| {
| 
|   ;
|   return 0;
| }
configure:4701: gcc -c -m32  conftest.c >&5
configure:4701: $? = 0
configure:4709: result: 64
configure:4792: checking for _LARGEFILE_SOURCE value needed for large files
configure:4811: gcc -o conftest -m32   conftest.c  >&5
configure:4811: $? = 0
configure:4839: result: no
configure:4860: checking whether make sets $(MAKE)
configure:4882: result: yes
configure:5259: checking for a sed that does not truncate output
configure:5323: result: /bin/sed
configure:5341: checking for grep that handles long lines and -e
configure:5399: result: /bin/grep
configure:5404: checking for egrep
configure:5466: result: /bin/grep -E
configure:5471: checking for fgrep
configure:5533: result: /bin/grep -F
configure:5568: checking for ld used by gcc
configure:5635: result: /usr/bin/ld
configure:5642: checking if the linker (/usr/bin/ld) is GNU ld
configure:5657: result: yes
configure:5669: checking for BSD- or MS-compatible name lister (nm)
configure:5718: result: /usr/bin/nm -B
configure:5836: checking the name lister (/usr/bin/nm -B) interface
configure:5843: gcc -c -m32  conftest.c >&5
configure:5846: /usr/bin/nm -B "conftest.o"
configure:5849: output
00000000 B some_variable
configure:5856: result: BSD nm
configure:5860: checking the maximum length of command line arguments
configure:5980: result: 1572864
configure:5997: checking whether the shell understands some XSI constructs
configure:6007: result: yes
configure:6011: checking whether the shell understands "+="
configure:6017: result: yes
configure:6052: checking for /usr/bin/ld option to reload object files
configure:6059: result: -r
configure:6128: checking for objdump
configure:6155: result: objdump
configure:6184: checking how to recognize dependent libraries
configure:6380: result: pass_all
configure:6440: checking for ar
configure:6456: found /usr/bin/ar
configure:6467: result: ar
configure:6545: checking for strip
configure:6561: found /usr/bin/strip
configure:6572: result: strip
configure:6644: checking for ranlib
configure:6660: found /usr/bin/ranlib
configure:6671: result: ranlib
configure:6761: checking command to parse /usr/bin/nm -B output from gcc object
configure:6879: gcc -c -m32  conftest.c >&5
configure:6882: $? = 0
configure:6886: /usr/bin/nm -B conftest.o \| sed -n -e 's/^.*[	 ]\([ABCDGIRSTW][ABCDGIRSTW]*\)[	 ][	 ]*\([_A-Za-z][_A-Za-z0-9]*\)$/\1 \2 \2/p' \> conftest.nm
configure:6889: $? = 0
configure:6943: gcc -o conftest -m32   conftest.c conftstm.o >&5
configure:6946: $? = 0
configure:6984: result: ok
configure:7792: checking how to run the C preprocessor
configure:7823: gcc -E  conftest.c
configure:7823: $? = 0
configure:7837: gcc -E  conftest.c
conftest.c:13:28: error: ac_nonexistent.h: No such file or directory
configure:7837: $? = 1
configure: failed program was:
| /* confdefs.h */
| #define PACKAGE_NAME "OpenJPEG"
| #define PACKAGE_TARNAME "openjpeg-1.4.0"
| #define PACKAGE_VERSION "1.4.0"
| #define PACKAGE_STRING "OpenJPEG 1.4.0"
| #define PACKAGE_BUGREPORT "http://code.google.com/p/openjpeg/"
| #define PACKAGE_URL "http://www.openjpeg.org/"
| #define PACKAGE "openjpeg-1.4.0"
| #define VERSION "1.4.0"
| #define _FILE_OFFSET_BITS 64
| #define HAVE_FSEEKO 1
| /* end confdefs.h.  */
| #include <ac_nonexistent.h>
configure:7862: result: gcc -E
configure:7882: gcc -E  conftest.c
configure:7882: $? = 0
configure:7896: gcc -E  conftest.c
conftest.c:13:28: error: ac_nonexistent.h: No such file or directory
configure:7896: $? = 1
configure: failed program was:
| /* confdefs.h */
| #define PACKAGE_NAME "OpenJPEG"
| #define PACKAGE_TARNAME "openjpeg-1.4.0"
| #define PACKAGE_VERSION "1.4.0"
| #define PACKAGE_STRING "OpenJPEG 1.4.0"
| #define PACKAGE_BUGREPORT "http://code.google.com/p/openjpeg/"
| #define PACKAGE_URL "http://www.openjpeg.org/"
| #define PACKAGE "openjpeg-1.4.0"
| #define VERSION "1.4.0"
| #define _FILE_OFFSET_BITS 64
| #define HAVE_FSEEKO 1
| /* end confdefs.h.  */
| #include <ac_nonexistent.h>
configure:7925: checking for ANSI C header files
configure:7945: gcc -c -m32  conftest.c >&5
configure:7945: $? = 0
configure:8018: gcc -o conftest -m32   conftest.c  >&5
configure:8018: $? = 0
configure:8018: ./conftest
configure:8018: $? = 0
configure:8029: result: yes
configure:8042: checking for sys/types.h
configure:8042: gcc -c -m32  conftest.c >&5
configure:8042: $? = 0
configure:8042: result: yes
configure:8042: checking for sys/stat.h
configure:8042: gcc -c -m32  conftest.c >&5
configure:8042: $? = 0
configure:8042: result: yes
configure:8042: checking for stdlib.h
configure:8042: gcc -c -m32  conftest.c >&5
configure:8042: $? = 0
configure:8042: result: yes
configure:8042: checking for string.h
configure:8042: gcc -c -m32  conftest.c >&5
configure:8042: $? = 0
configure:8042: result: yes
configure:8042: checking for memory.h
configure:8042: gcc -c -m32  conftest.c >&5
configure:8042: $? = 0
configure:8042: result: yes
configure:8042: checking for strings.h
configure:8042: gcc -c -m32  conftest.c >&5
configure:8042: $? = 0
configure:8042: result: yes
configure:8042: checking for inttypes.h
configure:8042: gcc -c -m32  conftest.c >&5
configure:8042: $? = 0
configure:8042: result: yes
configure:8042: checking for stdint.h
configure:8042: gcc -c -m32  conftest.c >&5
configure:8042: $? = 0
configure:8042: result: yes
configure:8042: checking for unistd.h
configure:8042: gcc -c -m32  conftest.c >&5
configure:8042: $? = 0
configure:8042: result: yes
configure:8056: checking for dlfcn.h
configure:8056: gcc -c -m32  conftest.c >&5
configure:8056: $? = 0
configure:8056: result: yes
configure:8181: checking for C++ compiler version
configure:8190: g++ --version >&5
g++ (Debian 4.4.5-8) 4.4.5
Copyright (C) 2010 Free Software Foundation, Inc.
This is free software; see the source for copying conditions.  There is NO
warranty; not even for MERCHANTABILITY or FITNESS FOR A PARTICULAR PURPOSE.

configure:8201: $? = 0
configure:8190: g++ -v >&5
Using built-in specs.
Target: i486-linux-gnu
Configured with: ../src/configure -v --with-pkgversion='Debian 4.4.5-8' --with-bugurl=file:///usr/share/doc/gcc-4.4/README.Bugs --enable-languages=c,c++,fortran,objc,obj-c++ --prefix=/usr --program-suffix=-4.4 --enable-shared --enable-multiarch --enable-linker-build-id --with-system-zlib --libexecdir=/usr/lib --without-included-gettext --enable-threads=posix --with-gxx-include-dir=/usr/include/c++/4.4 --libdir=/usr/lib --enable-nls --enable-clocale=gnu --enable-libstdcxx-debug --enable-objc-gc --enable-targets=all --with-arch-32=i586 --with-tune=generic --enable-checking=release --build=i486-linux-gnu --host=i486-linux-gnu --target=i486-linux-gnu
Thread model: posix
gcc version 4.4.5 (Debian 4.4.5-8) 
configure:8201: $? = 0
configure:8190: g++ -V >&5
g++: '-V' option must have argument
configure:8201: $? = 1
configure:8190: g++ -qversion >&5
g++: unrecognized option '-qversion'
g++: no input files
configure:8201: $? = 1
configure:8205: checking whether we are using the GNU C++ compiler
configure:8233: result: yes
configure:8242: checking whether g++ accepts -g
configure:8303: result: yes
configure:8328: checking dependency style of g++
configure:8438: result: none
configure:8461: checking how to run the C++ preprocessor
configure:8488: g++ -E  conftest.cpp
configure:8488: $? = 0
configure:8502: g++ -E  conftest.cpp
conftest.cpp:24:28: error: ac_nonexistent.h: No such file or directory
configure:8502: $? = 1
configure: failed program was:
| /* confdefs.h */
| #define PACKAGE_NAME "OpenJPEG"
| #define PACKAGE_TARNAME "openjpeg-1.4.0"
| #define PACKAGE_VERSION "1.4.0"
| #define PACKAGE_STRING "OpenJPEG 1.4.0"
| #define PACKAGE_BUGREPORT "http://code.google.com/p/openjpeg/"
| #define PACKAGE_URL "http://www.openjpeg.org/"
| #define PACKAGE "openjpeg-1.4.0"
| #define VERSION "1.4.0"
| #define _FILE_OFFSET_BITS 64
| #define HAVE_FSEEKO 1
| #define STDC_HEADERS 1
| #define HAVE_SYS_TYPES_H 1
| #define HAVE_SYS_STAT_H 1
| #define HAVE_STDLIB_H 1
| #define HAVE_STRING_H 1
| #define HAVE_MEMORY_H 1
| #define HAVE_STRINGS_H 1
| #define HAVE_INTTYPES_H 1
| #define HAVE_STDINT_H 1
| #define HAVE_UNISTD_H 1
| #define HAVE_DLFCN_H 1
| /* end confdefs.h.  */
| #include <ac_nonexistent.h>
configure:8527: result: g++ -E
configure:8547: g++ -E  conftest.cpp
configure:8547: $? = 0
configure:8561: g++ -E  conftest.cpp
conftest.cpp:24:28: error: ac_nonexistent.h: No such file or directory
configure:8561: $? = 1
configure: failed program was:
| /* confdefs.h */
| #define PACKAGE_NAME "OpenJPEG"
| #define PACKAGE_TARNAME "openjpeg-1.4.0"
| #define PACKAGE_VERSION "1.4.0"
| #define PACKAGE_STRING "OpenJPEG 1.4.0"
| #define PACKAGE_BUGREPORT "http://code.google.com/p/openjpeg/"
| #define PACKAGE_URL "http://www.openjpeg.org/"
| #define PACKAGE "openjpeg-1.4.0"
| #define VERSION "1.4.0"
| #define _FILE_OFFSET_BITS 64
| #define HAVE_FSEEKO 1
| #define STDC_HEADERS 1
| #define HAVE_SYS_TYPES_H 1
| #define HAVE_SYS_STAT_H 1
| #define HAVE_STDLIB_H 1
| #define HAVE_STRING_H 1
| #define HAVE_MEMORY_H 1
| #define HAVE_STRINGS_H 1
| #define HAVE_INTTYPES_H 1
| #define HAVE_STDINT_H 1
| #define HAVE_UNISTD_H 1
| #define HAVE_DLFCN_H 1
| /* end confdefs.h.  */
| #include <ac_nonexistent.h>
configure:8735: checking for objdir
configure:8750: result: .libs
configure:9042: checking if gcc supports -fno-rtti -fno-exceptions
configure:9060: gcc -c -m32  -fno-rtti -fno-exceptions conftest.c >&5
cc1: warning: command line option "-fno-rtti" is valid for C++/ObjC++ but not for C
configure:9064: $? = 0
configure:9077: result: no
configure:9097: checking for gcc option to produce PIC
configure:9369: result: -fPIC -DPIC
configure:9381: checking if gcc PIC flag -fPIC -DPIC works
configure:9399: gcc -c -m32  -fPIC -DPIC -DPIC conftest.c >&5
configure:9403: $? = 0
configure:9416: result: yes
configure:9440: checking if gcc static flag -static works
configure:9468: result: yes
configure:9483: checking if gcc supports -c -o file.o
configure:9504: gcc -c -m32  -o out/conftest2.o conftest.c >&5
configure:9508: $? = 0
configure:9530: result: yes
configure:9538: checking if gcc supports -c -o file.o
configure:9585: result: yes
configure:9618: checking whether the gcc linker (/usr/bin/ld) supports shared libraries
configure:10609: result: yes
configure:10848: checking dynamic linker characteristics
configure:11281: gcc -o conftest -m32   -Wl,-rpath -Wl,/foo conftest.c  >&5
configure:11281: $? = 0
configure:11511: result: GNU/Linux ld.so
configure:11613: checking how to hardcode library paths into programs
configure:11638: result: immediate
configure:12158: checking whether stripping libraries is possible
configure:12163: result: yes
configure:12198: checking if libtool supports shared libraries
configure:12200: result: yes
configure:12203: checking whether to build shared libraries
configure:12224: result: no
configure:12227: checking whether to build static libraries
configure:12231: result: yes
configure:12381: checking for ld used by g++
configure:12448: result: /usr/bin/ld
configure:12455: checking if the linker (/usr/bin/ld) is GNU ld
configure:12470: result: yes
configure:12525: checking whether the g++ linker (/usr/bin/ld) supports shared libraries
configure:13438: result: yes
configure:13466: g++ -c -g -O2  conftest.cpp >&5
configure:13469: $? = 0
configure:13651: checking for g++ option to produce PIC
configure:13968: result: -fPIC -DPIC
configure:13977: checking if g++ PIC flag -fPIC -DPIC works
configure:13995: g++ -c -g -O2  -fPIC -DPIC -DPIC conftest.cpp >&5
configure:13999: $? = 0
configure:14012: result: yes
configure:14033: checking if g++ static flag -static works
configure:14061: result: yes
configure:14073: checking if g++ supports -c -o file.o
configure:14094: g++ -c -g -O2  -o out/conftest2.o conftest.cpp >&5
configure:14098: $? = 0
configure:14120: result: yes
configure:14125: checking if g++ supports -c -o file.o
configure:14172: result: yes
configure:14202: checking whether the g++ linker (/usr/bin/ld) supports shared libraries
configure:14231: result: yes
configure:14368: checking dynamic linker characteristics
configure:14749: g++ -o conftest -g -O2   -Wl,-rpath -Wl,/foo conftest.cpp  >&5
configure:14749: $? = 0
configure:14979: result: GNU/Linux ld.so
configure:15030: checking how to hardcode library paths into programs
configure:15055: result: immediate
configure:15114: checking whether byte ordering is bigendian
configure:15129: gcc -c -m32  conftest.c >&5
conftest.c:26: error: expected '=', ',', ';', 'asm' or '__attribute__' before 'a'
configure:15129: $? = 1
configure: failed program was:
| /* confdefs.h */
| #define PACKAGE_NAME "OpenJPEG"
| #define PACKAGE_TARNAME "openjpeg-1.4.0"
| #define PACKAGE_VERSION "1.4.0"
| #define PACKAGE_STRING "OpenJPEG 1.4.0"
| #define PACKAGE_BUGREPORT "http://code.google.com/p/openjpeg/"
| #define PACKAGE_URL "http://www.openjpeg.org/"
| #define PACKAGE "openjpeg-1.4.0"
| #define VERSION "1.4.0"
| #define _FILE_OFFSET_BITS 64
| #define HAVE_FSEEKO 1
| #define STDC_HEADERS 1
| #define HAVE_SYS_TYPES_H 1
| #define HAVE_SYS_STAT_H 1
| #define HAVE_STDLIB_H 1
| #define HAVE_STRING_H 1
| #define HAVE_MEMORY_H 1
| #define HAVE_STRINGS_H 1
| #define HAVE_INTTYPES_H 1
| #define HAVE_STDINT_H 1
| #define HAVE_UNISTD_H 1
| #define HAVE_DLFCN_H 1
| #define LT_OBJDIR ".libs/"
| /* end confdefs.h.  */
| #ifndef __APPLE_CC__
| 	       not a universal capable compiler
| 	     #endif
| 	     typedef int dummy;
| 
configure:15174: gcc -c -m32  conftest.c >&5
configure:15174: $? = 0
configure:15192: gcc -c -m32  conftest.c >&5
conftest.c: In function 'main':
conftest.c:32: error: 'not' undeclared (first use in this function)
conftest.c:32: error: (Each undeclared identifier is reported only once
conftest.c:32: error: for each function it appears in.)
conftest.c:32: error: expected ';' before 'big'
configure:15192: $? = 1
configure: failed program was:
| /* confdefs.h */
| #define PACKAGE_NAME "OpenJPEG"
| #define PACKAGE_TARNAME "openjpeg-1.4.0"
| #define PACKAGE_VERSION "1.4.0"
| #define PACKAGE_STRING "OpenJPEG 1.4.0"
| #define PACKAGE_BUGREPORT "http://code.google.com/p/openjpeg/"
| #define PACKAGE_URL "http://www.openjpeg.org/"
| #define PACKAGE "openjpeg-1.4.0"
| #define VERSION "1.4.0"
| #define _FILE_OFFSET_BITS 64
| #define HAVE_FSEEKO 1
| #define STDC_HEADERS 1
| #define HAVE_SYS_TYPES_H 1
| #define HAVE_SYS_STAT_H 1
| #define HAVE_STDLIB_H 1
| #define HAVE_STRING_H 1
| #define HAVE_MEMORY_H 1
| #define HAVE_STRINGS_H 1
| #define HAVE_INTTYPES_H 1
| #define HAVE_STDINT_H 1
| #define HAVE_UNISTD_H 1
| #define HAVE_DLFCN_H 1
| #define LT_OBJDIR ".libs/"
| /* end confdefs.h.  */
| #include <sys/types.h>
| 		#include <sys/param.h>
| 
| int
| main ()
| {
| #if BYTE_ORDER != BIG_ENDIAN
| 		 not big endian
| 		#endif
| 
|   ;
|   return 0;
| }
configure:15320: result: no
configure:15340: checking for sqrt in -lm
configure:15365: gcc -o conftest -m32   conftest.c -lm   >&5
conftest.c:32: warning: conflicting types for built-in function 'sqrt'
configure:15365: $? = 0
configure:15374: result: yes
configure:15381: checking for inflate in -lz
configure:15406: gcc -o conftest -m32   conftest.c -lz   >&5
configure:15406: $? = 0
configure:15415: result: yes
configure:15426: checking for pkg-config
configure:15444: found /usr/bin/pkg-config
configure:15456: result: /usr/bin/pkg-config
configure:15468: checking whether to build with PNG support
configure:15643: result: png is usable:no
configure:15658: checking whether to build with TIFF support
configure:15952: result: tiff is usable:no
configure:15967: checking whether to build with LCMS support
configure:16013: checking lcms2.h usability
configure:16013: gcc -c -m32  conftest.c >&5
conftest.c:58:19: error: lcms2.h: No such file or directory
configure:16013: $? = 1
configure: failed program was:
| /* confdefs.h */
| #define PACKAGE_NAME "OpenJPEG"
| #define PACKAGE_TARNAME "openjpeg-1.4.0"
| #define PACKAGE_VERSION "1.4.0"
| #define PACKAGE_STRING "OpenJPEG 1.4.0"
| #define PACKAGE_BUGREPORT "http://code.google.com/p/openjpeg/"
| #define PACKAGE_URL "http://www.openjpeg.org/"
| #define PACKAGE "openjpeg-1.4.0"
| #define VERSION "1.4.0"
| #define _FILE_OFFSET_BITS 64
| #define HAVE_FSEEKO 1
| #define STDC_HEADERS 1
| #define HAVE_SYS_TYPES_H 1
| #define HAVE_SYS_STAT_H 1
| #define HAVE_STDLIB_H 1
| #define HAVE_STRING_H 1
| #define HAVE_MEMORY_H 1
| #define HAVE_STRINGS_H 1
| #define HAVE_INTTYPES_H 1
| #define HAVE_STDINT_H 1
| #define HAVE_UNISTD_H 1
| #define HAVE_DLFCN_H 1
| #define LT_OBJDIR ".libs/"
| /* end confdefs.h.  */
| #include <stdio.h>
| #ifdef HAVE_SYS_TYPES_H
| # include <sys/types.h>
| #endif
| #ifdef HAVE_SYS_STAT_H
| # include <sys/stat.h>
| #endif
| #ifdef STDC_HEADERS
| # include <stdlib.h>
| # include <stddef.h>
| #else
| # ifdef HAVE_STDLIB_H
| #  include <stdlib.h>
| # endif
| #endif
| #ifdef HAVE_STRING_H
| # if !defined STDC_HEADERS && defined HAVE_MEMORY_H
| #  include <memory.h>
| # endif
| # include <string.h>
| #endif
| #ifdef HAVE_STRINGS_H
| # include <strings.h>
| #endif
| #ifdef HAVE_INTTYPES_H
| # include <inttypes.h>
| #endif
| #ifdef HAVE_STDINT_H
| # include <stdint.h>
| #endif
| #ifdef HAVE_UNISTD_H
| # include <unistd.h>
| #endif
| #include <lcms2.h>
configure:16013: result: no
configure:16013: checking lcms2.h presence
configure:16013: gcc -E  conftest.c
conftest.c:25:19: error: lcms2.h: No such file or directory
configure:16013: $? = 1
configure: failed program was:
| /* confdefs.h */
| #define PACKAGE_NAME "OpenJPEG"
| #define PACKAGE_TARNAME "openjpeg-1.4.0"
| #define PACKAGE_VERSION "1.4.0"
| #define PACKAGE_STRING "OpenJPEG 1.4.0"
| #define PACKAGE_BUGREPORT "http://code.google.com/p/openjpeg/"
| #define PACKAGE_URL "http://www.openjpeg.org/"
| #define PACKAGE "openjpeg-1.4.0"
| #define VERSION "1.4.0"
| #define _FILE_OFFSET_BITS 64
| #define HAVE_FSEEKO 1
| #define STDC_HEADERS 1
| #define HAVE_SYS_TYPES_H 1
| #define HAVE_SYS_STAT_H 1
| #define HAVE_STDLIB_H 1
| #define HAVE_STRING_H 1
| #define HAVE_MEMORY_H 1
| #define HAVE_STRINGS_H 1
| #define HAVE_INTTYPES_H 1
| #define HAVE_STDINT_H 1
| #define HAVE_UNISTD_H 1
| #define HAVE_DLFCN_H 1
| #define LT_OBJDIR ".libs/"
| /* end confdefs.h.  */
| #include <lcms2.h>
configure:16013: result: no
configure:16013: checking for lcms2.h
configure:16013: result: no
configure:16041: checking for cmsOpenProfileFromFile in -llcms2
configure:16066: gcc -o conftest -m32   conftest.c -llcms2  -llcms2 -lm >&5
/usr/bin/ld: error: cannot find -llcms2
/usr/bin/ld: error: cannot find -llcms2
/usr/bin/ld: /tmp/cckUdhiC.o: in function main:conftest.c(.text+0x7): error: undefined reference to 'cmsOpenProfileFromFile'
collect2: ld returned 1 exit status
configure:16066: $? = 1
configure: failed program was:
| /* confdefs.h */
| #define PACKAGE_NAME "OpenJPEG"
| #define PACKAGE_TARNAME "openjpeg-1.4.0"
| #define PACKAGE_VERSION "1.4.0"
| #define PACKAGE_STRING "OpenJPEG 1.4.0"
| #define PACKAGE_BUGREPORT "http://code.google.com/p/openjpeg/"
| #define PACKAGE_URL "http://www.openjpeg.org/"
| #define PACKAGE "openjpeg-1.4.0"
| #define VERSION "1.4.0"
| #define _FILE_OFFSET_BITS 64
| #define HAVE_FSEEKO 1
| #define STDC_HEADERS 1
| #define HAVE_SYS_TYPES_H 1
| #define HAVE_SYS_STAT_H 1
| #define HAVE_STDLIB_H 1
| #define HAVE_STRING_H 1
| #define HAVE_MEMORY_H 1
| #define HAVE_STRINGS_H 1
| #define HAVE_INTTYPES_H 1
| #define HAVE_STDINT_H 1
| #define HAVE_UNISTD_H 1
| #define HAVE_DLFCN_H 1
| #define LT_OBJDIR ".libs/"
| /* end confdefs.h.  */
| 
| /* Override any GCC internal prototype to avoid an error.
|    Use char because int might match the return type of a GCC
|    builtin and then its argument prototype would still apply.  */
| #ifdef __cplusplus
| extern "C"
| #endif
| char cmsOpenProfileFromFile ();
| int
| main ()
| {
| return cmsOpenProfileFromFile ();
|   ;
|   return 0;
| }
configure:16075: result: no
configure:16108: result: lcms2 is usable:no
configure:16120: result: lcms2libs:
configure:16160: checking /usr/include/lcms.h usability
configure:16160: gcc -c -m32  conftest.c >&5
configure:16160: $? = 0
configure:16160: result: yes
configure:16160: checking /usr/include/lcms.h presence
configure:16160: gcc -E  conftest.c
configure:16160: $? = 0
configure:16160: result: yes
configure:16160: checking for /usr/include/lcms.h
configure:16160: result: yes
configure:16188: checking for cmsOpenProfileFromFile in -llcms
configure:16213: gcc -o conftest -m32   conftest.c -llcms  -llcms   -lm >&5
configure:16213: $? = 0
configure:16222: result: yes
configure:16254: result: lcms is usable:yes
configure:16272: checking whether to build with JPWL support
configure:16282: result: no
configure:16302: checking whether to build shared libraries
configure:16310: result: no
configure:16326: checking whether to build the JP3D library
configure:16334: result: no
configure:16343: checking for doxygen
configure:16359: found /usr/bin/doxygen
configure:16371: result: yes
configure:16564: creating ./config.status

## ---------------- ##
## Cache variables. ##
## ---------------- ##

ac_cv_build=i686-pc-linux-gnu
ac_cv_c_bigendian=no
ac_cv_c_compiler_gnu=yes
ac_cv_cxx_compiler_gnu=yes
ac_cv_env_CCC_set=
ac_cv_env_CCC_value=
ac_cv_env_CC_set=
ac_cv_env_CC_value=
ac_cv_env_CFLAGS_set=set
ac_cv_env_CFLAGS_value=-m32
ac_cv_env_CPPFLAGS_set=
ac_cv_env_CPPFLAGS_value=
ac_cv_env_CPP_set=
ac_cv_env_CPP_value=
ac_cv_env_CXXCPP_set=
ac_cv_env_CXXCPP_value=
ac_cv_env_CXXFLAGS_set=
ac_cv_env_CXXFLAGS_value=
ac_cv_env_CXX_set=
ac_cv_env_CXX_value=
ac_cv_env_LDFLAGS_set=
ac_cv_env_LDFLAGS_value=
ac_cv_env_LIBS_set=
ac_cv_env_LIBS_value=
ac_cv_env_build_alias_set=
ac_cv_env_build_alias_value=
ac_cv_env_host_alias_set=
ac_cv_env_host_alias_value=
ac_cv_env_target_alias_set=set
ac_cv_env_target_alias_value=i686
ac_cv_header__usr_include_lcms_h=yes
ac_cv_header_dlfcn_h=yes
ac_cv_header_inttypes_h=yes
ac_cv_header_lcms2_h=no
ac_cv_header_memory_h=yes
ac_cv_header_stdc=yes
ac_cv_header_stdint_h=yes
ac_cv_header_stdlib_h=yes
ac_cv_header_string_h=yes
ac_cv_header_strings_h=yes
ac_cv_header_sys_stat_h=yes
ac_cv_header_sys_types_h=yes
ac_cv_header_unistd_h=yes
ac_cv_host=i686-pc-linux-gnu
ac_cv_lib_lcms2_cmsOpenProfileFromFile=no
ac_cv_lib_lcms_cmsOpenProfileFromFile=yes
ac_cv_lib_m_sqrt=yes
ac_cv_lib_z_inflate=yes
ac_cv_objext=o
ac_cv_path_EGREP='/bin/grep -E'
ac_cv_path_FGREP='/bin/grep -F'
ac_cv_path_GREP=/bin/grep
ac_cv_path_PKGCONFIG=/usr/bin/pkg-config
ac_cv_path_SED=/bin/sed
ac_cv_path_install='/usr/bin/install -c'
ac_cv_path_mkdir=/bin/mkdir
ac_cv_prog_AWK=gawk
ac_cv_prog_CPP='gcc -E'
ac_cv_prog_CXXCPP='g++ -E'
ac_cv_prog_ac_ct_AR=ar
ac_cv_prog_ac_ct_CC=gcc
ac_cv_prog_ac_ct_CXX=g++
ac_cv_prog_ac_ct_OBJDUMP=objdump
ac_cv_prog_ac_ct_RANLIB=ranlib
ac_cv_prog_ac_ct_STRIP=strip
ac_cv_prog_cc_c89=
ac_cv_prog_cc_g=yes
ac_cv_prog_cxx_g=yes
ac_cv_prog_make_make_set=yes
ac_cv_prog_with_doxygen=yes
ac_cv_sys_file_offset_bits=64
ac_cv_sys_largefile_CC=no
ac_cv_sys_largefile_source=no
ac_cv_target=i686-pc-none
am_cv_CC_dependencies_compiler_type=none
am_cv_CXX_dependencies_compiler_type=none
lt_cv_deplibs_check_method=pass_all
lt_cv_file_magic_cmd='$MAGIC_CMD'
lt_cv_file_magic_test_file=
lt_cv_ld_reload_flag=-r
lt_cv_nm_interface='BSD nm'
lt_cv_objdir=.libs
lt_cv_path_LD=/usr/bin/ld
lt_cv_path_LDCXX=/usr/bin/ld
lt_cv_path_NM='/usr/bin/nm -B'
lt_cv_prog_compiler_c_o=yes
lt_cv_prog_compiler_c_o_CXX=yes
lt_cv_prog_compiler_pic_works=yes
lt_cv_prog_compiler_pic_works_CXX=yes
lt_cv_prog_compiler_rtti_exceptions=no
lt_cv_prog_compiler_static_works=yes
lt_cv_prog_compiler_static_works_CXX=yes
lt_cv_prog_gnu_ld=yes
lt_cv_prog_gnu_ldcxx=yes
lt_cv_sys_global_symbol_pipe='sed -n -e '\''s/^.*[	 ]\([ABCDGIRSTW][ABCDGIRSTW]*\)[	 ][	 ]*\([_A-Za-z][_A-Za-z0-9]*\)$/\1 \2 \2/p'\'''
lt_cv_sys_global_symbol_to_c_name_address='sed -n -e '\''s/^: \([^ ]*\) $/  {\"\1\", (void *) 0},/p'\'' -e '\''s/^[ABCDGIRSTW]* \([^ ]*\) \([^ ]*\)$/  {"\2", (void *) \&\2},/p'\'''
lt_cv_sys_global_symbol_to_c_name_address_lib_prefix='sed -n -e '\''s/^: \([^ ]*\) $/  {\"\1\", (void *) 0},/p'\'' -e '\''s/^[ABCDGIRSTW]* \([^ ]*\) \(lib[^ ]*\)$/  {"\2", (void *) \&\2},/p'\'' -e '\''s/^[ABCDGIRSTW]* \([^ ]*\) \([^ ]*\)$/  {"lib\2", (void *) \&\2},/p'\'''
lt_cv_sys_global_symbol_to_cdecl='sed -n -e '\''s/^T .* \(.*\)$/extern int \1();/p'\'' -e '\''s/^[ABCDGIRSTW]* .* \(.*\)$/extern char \1;/p'\'''
lt_cv_sys_max_cmd_len=1572864

## ----------------- ##
## Output variables. ##
## ----------------- ##

ACLOCAL='${SHELL} /home/carl/src/OpenDCP/contrib/09_OpenJPEG-prefix/src/09_OpenJPEG/missing --run aclocal-1.11'
AMDEPBACKSLASH=''
AMDEP_FALSE=''
AMDEP_TRUE='#'
AMTAR='${SHELL} /home/carl/src/OpenDCP/contrib/09_OpenJPEG-prefix/src/09_OpenJPEG/missing --run tar'
AR='ar'
AS='as'
AUTOCONF='${SHELL} /home/carl/src/OpenDCP/contrib/09_OpenJPEG-prefix/src/09_OpenJPEG/missing --run autoconf'
AUTOHEADER='${SHELL} /home/carl/src/OpenDCP/contrib/09_OpenJPEG-prefix/src/09_OpenJPEG/missing --run autoheader'
AUTOMAKE='${SHELL} /home/carl/src/OpenDCP/contrib/09_OpenJPEG-prefix/src/09_OpenJPEG/missing --run automake-1.11'
AWK='gawk'
BUILD_NR='0'
CC='gcc'
CCDEPMODE='depmode=none'
CFLAGS='-m32'
CPP='gcc -E'
CPPFLAGS=''
CXX='g++'
CXXCPP='g++ -E'
CXXDEPMODE='depmode=none'
CXXFLAGS='-g -O2'
CYGPATH_W='echo'
DEFS='-DHAVE_CONFIG_H'
DEPDIR='.deps'
DLLTOOL='dlltool'
DSYMUTIL=''
DUMPBIN=''
ECHO_C=''
ECHO_N='-n'
ECHO_T=''
EGREP='/bin/grep -E'
EXEEXT=''
FGREP='/bin/grep -F'
GREP='/bin/grep'
INSTALL_DATA='${INSTALL} -m 644'
INSTALL_PROGRAM='${INSTALL}'
INSTALL_SCRIPT='${INSTALL}'
INSTALL_STRIP_PROGRAM='$(install_sh) -c -s'
JP3D_BUILD_NR='0'
JP3D_MAJOR_NR='1'
JP3D_MINOR_NR='3'
LD='/usr/bin/ld'
LDFLAGS=''
LIBOBJS=''
LIBPNG_CONFIG=''
LIBS=' -lm -lz  -llcms  '
LIBTOOL='$(SHELL) $(top_builddir)/libtool'
LIPO=''
LN_S='ln -s'
LTLIBOBJS=''
MAJOR_NR='1'
MAKEINFO='${SHELL} /home/carl/src/OpenDCP/contrib/09_OpenJPEG-prefix/src/09_OpenJPEG/missing --run makeinfo'
MINOR_NR='4'
MKDIR_P='/bin/mkdir -p'
NM='/usr/bin/nm -B'
NMEDIT=''
OBJDUMP='objdump'
OBJEXT='o'
OTOOL64=''
OTOOL=''
PACKAGE='openjpeg-1.4.0'
PACKAGE_BUGREPORT='http://code.google.com/p/openjpeg/'
PACKAGE_NAME='OpenJPEG'
PACKAGE_STRING='OpenJPEG 1.4.0'
PACKAGE_TARNAME='openjpeg-1.4.0'
PACKAGE_URL='http://www.openjpeg.org/'
PACKAGE_VERSION='1.4.0'
PATH_SEPARATOR=':'
PKGCONFIG='/usr/bin/pkg-config'
RANLIB='ranlib'
SED='/bin/sed'
SET_MAKE=''
SHELL='/bin/bash'
STRIP='strip'
VERSION='1.4.0'
ac_ct_CC='gcc'
ac_ct_CXX='g++'
ac_ct_DUMPBIN=''
am__EXEEXT_FALSE=''
am__EXEEXT_TRUE='#'
am__fastdepCC_FALSE=''
am__fastdepCC_TRUE='#'
am__fastdepCXX_FALSE=''
am__fastdepCXX_TRUE='#'
am__include='include'
am__isrc=''
am__leading_dot='.'
am__quote=''
am__tar='${AMTAR} chof - "$$tardir"'
am__untar='${AMTAR} xf -'
bindir='${exec_prefix}/bin'
build='i686-pc-linux-gnu'
build_alias=''
build_cpu='i686'
build_os='linux-gnu'
build_vendor='pc'
datadir='${datarootdir}'
datarootdir='${prefix}/share'
docdir='${datarootdir}/doc/${PACKAGE_TARNAME}'
dvidir='${docdir}'
exec_prefix='${prefix}'
host='i686-pc-linux-gnu'
host_alias=''
host_cpu='i686'
host_os='linux-gnu'
host_vendor='pc'
htmldir='${docdir}'
includedir='${prefix}/include'
infodir='${datarootdir}/info'
install_sh='${SHELL} /home/carl/src/OpenDCP/contrib/09_OpenJPEG-prefix/src/09_OpenJPEG/install-sh'
jp3d_dir=''
jpwl_dir=''
lcms1includes='-I/usr/include'
lcms1libs='-llcms  '
lcms2includes=''
lcms2libs=''
libdir='${exec_prefix}/lib'
libexecdir='${exec_prefix}/libexec'
localedir='${datarootdir}/locale'
localstatedir='${prefix}/var'
lt_ECHO='echo'
mandir='${datarootdir}/man'
mkdir_p='/bin/mkdir -p'
oldincludedir='/usr/include'
pdfdir='${docdir}'
pngincludes=''
pnglibs=''
prefix='/home/carl/src/OpenDCP/contrib'
program_transform_name='s&^&i686-&'
psdir='${docdir}'
sbindir='${exec_prefix}/sbin'
sharedstatedir='${prefix}/com'
sysconfdir='${prefix}/etc'
target='i686-pc-none'
target_alias='i686'
target_cpu='i686'
target_os='none'
target_vendor='pc'
tiffincludes=''
tifflibs=''
with_doxygen='yes'
with_doxygen_FALSE='#'
with_doxygen_TRUE=''
with_libjpwl_FALSE=''
with_libjpwl_TRUE='#'
with_liblcms1_FALSE='#'
with_liblcms1_TRUE=''
with_liblcms2_FALSE=''
with_liblcms2_TRUE='#'
with_libpng_FALSE=''
with_libpng_TRUE='#'
with_libtiff_FALSE=''
with_libtiff_TRUE='#'
with_sharedlibs_FALSE=''
with_sharedlibs_TRUE='#'

## ----------- ##
## confdefs.h. ##
## ----------- ##

/* confdefs.h */
#define PACKAGE_NAME "OpenJPEG"
#define PACKAGE_TARNAME "openjpeg-1.4.0"
#define PACKAGE_VERSION "1.4.0"
#define PACKAGE_STRING "OpenJPEG 1.4.0"
#define PACKAGE_BUGREPORT "http://code.google.com/p/openjpeg/"
#define PACKAGE_URL "http://www.openjpeg.org/"
#define PACKAGE "openjpeg-1.4.0"
#define VERSION "1.4.0"
#define _FILE_OFFSET_BITS 64
#define HAVE_FSEEKO 1
#define STDC_HEADERS 1
#define HAVE_SYS_TYPES_H 1
#define HAVE_SYS_STAT_H 1
#define HAVE_STDLIB_H 1
#define HAVE_STRING_H 1
#define HAVE_MEMORY_H 1
#define HAVE_STRINGS_H 1
#define HAVE_INTTYPES_H 1
#define HAVE_STDINT_H 1
#define HAVE_UNISTD_H 1
#define HAVE_DLFCN_H 1
#define LT_OBJDIR ".libs/"
#define HAVE_LIBLCMS 1
#define HAVE_LIBLCMS1 1

configure: exit 0

## ---------------------- ##
## Running config.status. ##
## ---------------------- ##

This file was extended by OpenJPEG config.status 1.4.0, which was
generated by GNU Autoconf 2.67.  Invocation command line was

  CONFIG_FILES    = 
  CONFIG_HEADERS  = 
  CONFIG_LINKS    = 
  CONFIG_COMMANDS = 
  $ ./config.status opj_config.h

on houllier

config.status:1185: creating opj_config.h

## ---------------------- ##
## Running config.status. ##
## ---------------------- ##

This file was extended by OpenJPEG config.status 1.4.0, which was
generated by GNU Autoconf 2.67.  Invocation command line was

  CONFIG_FILES    = 
  CONFIG_HEADERS  = 
  CONFIG_LINKS    = 
  CONFIG_COMMANDS = 
  $ ./config.status 

on houllier

config.status:1185: creating Makefile
config.status:1185: creating libopenjpeg.pc
config.status:1185: creating libopenjpeg/Makefile
config.status:1185: creating jpwl/Makefile
config.status:1185: creating codec/Makefile
config.status:1185: creating mj2/Makefile
config.status:1185: creating doc/Makefile
config.status:1185: creating jp3d/Makefile
config.status:1185: creating jp3d/libjp3dvm/Makefile
config.status:1185: creating jp3d/codec/Makefile
config.status:1185: creating opj_config.h
config.status:1365: opj_config.h is unchanged
config.status:1413: executing depfiles commands
config.status:1413: executing libtool commands
